Traceback (most recent call last):
  File "progsys/scripts/python_script_evaluation.py", line 101, in <module>
    print(json.dumps(results), flush=True)
BrokenPipeError: [Errno 32] Broken pipe
Traceback (most recent call last):
  File "progsys/scripts/python_script_evaluation.py", line 108, in <module>
    print(json.dumps(ret_message_dict), flush=True)
BrokenPipeError: [Errno 32] Broken pipe
Traceback (most recent call last):
  File "progsys/scripts/python_script_evaluation.py", line 101, in <module>
    print(json.dumps(results), flush=True)
BrokenPipeError: [Errno 32] Broken pipe
Traceback (most recent call last):
  File "progsys/scripts/python_script_evaluation.py", line 108, in <module>
    print(json.dumps(ret_message_dict), flush=True)
BrokenPipeError: [Errno 32] Broken pipe
Traceback (most recent call last):
  File "progsys/scripts/python_script_evaluation.py", line 108, in <module>
    print(json.dumps(ret_message_dict), flush=True)
BrokenPipeError: [Errno 32] Broken pipe
Traceback (most recent call last):
  File "progsys/scripts/python_script_evaluation.py", line 108, in <module>
    print(json.dumps(ret_message_dict), flush=True)
BrokenPipeError: [Errno 32] Broken pipe
Traceback (most recent call last):
  File "progsys/scripts/python_script_evaluation.py", line 108, in <module>
    print(json.dumps(ret_message_dict), flush=True)
BrokenPipeError: [Errno 32] Broken pipe
Traceback (most recent call last):
  File "progsys/scripts/python_script_evaluation.py", line 108, in <module>
    print(json.dumps(ret_message_dict), flush=True)
BrokenPipeError: [Errno 32] Broken pipe
Traceback (most recent call last):
  File "progsys/scripts/python_script_evaluation.py", line 108, in <module>
    print(json.dumps(ret_message_dict), flush=True)
BrokenPipeError: [Errno 32] Broken pipe
Traceback (most recent call last):
  File "progsys/scripts/python_script_evaluation.py", line 108, in <module>
    print(json.dumps(ret_message_dict), flush=True)
BrokenPipeError: [Errno 32] Broken pipe
Traceback (most recent call last):
  File "progsys/scripts/python_script_evaluation.py", line 108, in <module>
    print(json.dumps(ret_message_dict), flush=True)
BrokenPipeError: [Errno 32] Broken pipe
Traceback (most recent call last):
  File "progsys/scripts/python_script_evaluation.py", line 108, in <module>
    print(json.dumps(ret_message_dict), flush=True)
BrokenPipeError: [Errno 32] Broken pipe
Traceback (most recent call last):
  File "progsys/scripts/python_script_evaluation.py", line 108, in <module>
    print(json.dumps(ret_message_dict), flush=True)
BrokenPipeError: [Errno 32] Broken pipe
Traceback (most recent call last):
  File "progsys/scripts/python_script_evaluation.py", line 108, in <module>
    print(json.dumps(ret_message_dict), flush=True)
BrokenPipeError: [Errno 32] Broken pipe
Traceback (most recent call last):
  File "progsys/scripts/python_script_evaluation.py", line 108, in <module>
    print(json.dumps(ret_message_dict), flush=True)
BrokenPipeError: [Errno 32] Broken pipe
Traceback (most recent call last):
  File "progsys/scripts/python_script_evaluation.py", line 101, in <module>
    print(json.dumps(results), flush=True)
BrokenPipeError: [Errno 32] Broken pipe
